<?xml version="1.0" encoding="UTF-8"?>
<testng-results ignored="0" total="5" passed="5" failed="0" skipped="0">
  <reporter-output>
  </reporter-output>
  <suite started-at="2024-05-09T16:24:40 IST" name="Suite" finished-at="2024-05-09T16:26:55 IST" duration-ms="135181">
    <groups>
      <group name="cucumber">
        <method signature="AbstractTestNGCucumberTests.runScenario(io.cucumber.testng.PickleWrapper,io.cucumber.testng.FeatureWrapper)[pri:0, instance:cucumberTestRunner.TestRunner@6cd24612]" name="runScenario" class="io.cucumber.testng.AbstractTestNGCucumberTests"/>
      </group> <!-- cucumber -->
    </groups>
    <test started-at="2024-05-09T16:24:40 IST" name="Test" finished-at="2024-05-09T16:26:55 IST" duration-ms="135181">
      <class name="cucumberTestRunner.TestRunner">
        <test-method is-config="true" signature="setUpClass(org.testng.ITestContext)[pri:0, instance:cucumberTestRunner.TestRunner@6cd24612]" started-at="2024-05-09T16:24:40 IST" name="setUpClass" finished-at="2024-05-09T16:25:32 IST" duration-ms="51678" status="PASS">
          <params>
            <param index="0">
              <value>
                <![CDATA[org.testng.TestRunner@369ad7da]]>
              </value>
            </param>
          </params>
          <reporter-output>
          </reporter-output>
        </test-method> <!-- setUpClass -->
        <test-method signature="runScenario(io.cucumber.testng.PickleWrapper,io.cucumber.testng.FeatureWrapper)[pri:0, instance:cucumberTestRunner.TestRunner@6cd24612]" started-at="2024-05-09T16:25:32 IST" name="runScenario" description="Runs Cucumber Scenarios" data-provider="scenarios" finished-at="2024-05-09T16:26:11 IST" duration-ms="38871" status="PASS">
          <params>
            <param index="0">
              <value>
                <![CDATA["Verify Login functionality"]]>
              </value>
            </param>
            <param index="1">
              <value>
                <![CDATA["Testing ShoppersStop Website"]]>
              </value>
            </param>
          </params>
          <reporter-output>
          </reporter-output>
        </test-method> <!-- runScenario -->
        <test-method signature="runScenario(io.cucumber.testng.PickleWrapper,io.cucumber.testng.FeatureWrapper)[pri:0, instance:cucumberTestRunner.TestRunner@6cd24612]" started-at="2024-05-09T16:26:11 IST" name="runScenario" description="Runs Cucumber Scenarios" data-provider="scenarios" finished-at="2024-05-09T16:26:16 IST" duration-ms="5377" status="PASS">
          <params>
            <param index="0">
              <value>
                <![CDATA["Verify Search Functionality"]]>
              </value>
            </param>
            <param index="1">
              <value>
                <![CDATA["Testing ShoppersStop Website"]]>
              </value>
            </param>
          </params>
          <reporter-output>
          </reporter-output>
        </test-method> <!-- runScenario -->
        <test-method signature="runScenario(io.cucumber.testng.PickleWrapper,io.cucumber.testng.FeatureWrapper)[pri:0, instance:cucumberTestRunner.TestRunner@6cd24612]" started-at="2024-05-09T16:26:16 IST" name="runScenario" description="Runs Cucumber Scenarios" data-provider="scenarios" finished-at="2024-05-09T16:26:18 IST" duration-ms="2155" status="PASS">
          <params>
            <param index="0">
              <value>
                <![CDATA["Verify sorting Functionality"]]>
              </value>
            </param>
            <param index="1">
              <value>
                <![CDATA["Testing ShoppersStop Website"]]>
              </value>
            </param>
          </params>
          <reporter-output>
          </reporter-output>
        </test-method> <!-- runScenario -->
        <test-method signature="runScenario(io.cucumber.testng.PickleWrapper,io.cucumber.testng.FeatureWrapper)[pri:0, instance:cucumberTestRunner.TestRunner@6cd24612]" started-at="2024-05-09T16:26:18 IST" name="runScenario" description="Runs Cucumber Scenarios" data-provider="scenarios" finished-at="2024-05-09T16:26:34 IST" duration-ms="15830" status="PASS">
          <params>
            <param index="0">
              <value>
                <![CDATA["Verifying wishlist functionality"]]>
              </value>
            </param>
            <param index="1">
              <value>
                <![CDATA["Testing ShoppersStop Website"]]>
              </value>
            </param>
          </params>
          <reporter-output>
          </reporter-output>
        </test-method> <!-- runScenario -->
        <test-method signature="runScenario(io.cucumber.testng.PickleWrapper,io.cucumber.testng.FeatureWrapper)[pri:0, instance:cucumberTestRunner.TestRunner@6cd24612]" started-at="2024-05-09T16:26:34 IST" name="runScenario" description="Runs Cucumber Scenarios" data-provider="scenarios" finished-at="2024-05-09T16:26:46 IST" duration-ms="12091" status="PASS">
          <params>
            <param index="0">
              <value>
                <![CDATA["Verifying cart functionality"]]>
              </value>
            </param>
            <param index="1">
              <value>
                <![CDATA["Testing ShoppersStop Website"]]>
              </value>
            </param>
          </params>
          <reporter-output>
          </reporter-output>
        </test-method> <!-- runScenario -->
        <test-method is-config="true" signature="tearDownClass()[pri:0, instance:cucumberTestRunner.TestRunner@6cd24612]" started-at="2024-05-09T16:26:46 IST" name="tearDownClass" finished-at="2024-05-09T16:26:55 IST" duration-ms="8997" status="PASS">
          <reporter-output>
          </reporter-output>
        </test-method> <!-- tearDownClass -->
      </class> <!-- cucumberTestRunner.TestRunner -->
    </test> <!-- Test -->
  </suite> <!-- Suite -->
</testng-results>
